<?xml version="1.0" encoding="UTF-8"?>
<testsuite name="E2E start sharp" tests="2" skipped="0" failures="0" errors="0" timestamp="2023-01-05T22:05:31" hostname="CHMEPPF1FSKYK" time="147.024">
  <properties/>
  <testcase name="Crear unidad de negocio exitoso" classname="E2E start sharp" time="85.888"/>
  <testcase name="Crear reunion exitoso" classname="E2E start sharp" time="61.136"/>
  <system-out><![CDATA[]]></system-out>
  <system-err><![CDATA[Starting ChromeDriver 108.0.5359.71 (1e0e3868ee06e91ad636a874420e3ca3ae3756ac-refs/branch-heads/5359@{#1016}) on port 14625
Only local connections are allowed.
Please see https://chromedriver.chromium.org/security-considerations for suggestions on keeping ChromeDriver safe.
ChromeDriver was started successfully.
ene 05, 2023 5:06:06 PM org.openqa.selenium.remote.ProtocolHandshake createSession
INFORMACIÓN: Detected dialect: W3C
Starting ChromeDriver 108.0.5359.71 (1e0e3868ee06e91ad636a874420e3ca3ae3756ac-refs/branch-heads/5359@{#1016}) on port 18321
Only local connections are allowed.
Please see https://chromedriver.chromium.org/security-considerations for suggestions on keeping ChromeDriver safe.
ChromeDriver was started successfully.
ene 05, 2023 5:07:03 PM org.openqa.selenium.remote.ProtocolHandshake createSession
INFORMACIÓN: Detected dialect: W3C
]]></system-err>
</testsuite>
